<?xml version="1.0" encoding="UTF-8"?>
<!-- Generated by org.testng.reporters.JUnitXMLReporter -->
<testsuite hostname="DESKTOP-NP0C5JN" ignored="0" name="Default test" tests="6" failures="0" timestamp="2020-09-10T23:20:04 MST" time="1.071" errors="0">
  <testcase name="@BeforeMethod setUpBrowser" time="0.123" classname="com.dollardays.testcases.BaseTest">
    <failure type="java.lang.NoSuchMethodError" message="com.google.common.base.Preconditions.checkState(ZLjava/lang/String;Ljava/lang/Object;Ljava/lang/Object;Ljava/lang/Object;)V">
      <![CDATA[java.lang.NoSuchMethodError: com.google.common.base.Preconditions.checkState(ZLjava/lang/String;Ljava/lang/Object;Ljava/lang/Object;Ljava/lang/Object;)V
at org.openqa.selenium.remote.service.DriverService.findExecutable(DriverService.java:134)
at org.openqa.selenium.chrome.ChromeDriverService.access$000(ChromeDriverService.java:35)
at org.openqa.selenium.chrome.ChromeDriverService$Builder.findDefaultExecutable(ChromeDriverService.java:159)
at org.openqa.selenium.remote.service.DriverService$Builder.build(DriverService.java:355)
at org.openqa.selenium.chrome.ChromeDriverService.createDefaultService(ChromeDriverService.java:94)
at org.openqa.selenium.chrome.ChromeDriver.<init>(ChromeDriver.java:123)
at com.dollardays.testcases.BaseTest.openBrowser(BaseTest.java:59)
at com.dollardays.testcases.BaseTest.setUpBrowser(BaseTest.java:95)
at sun.reflect.NativeMethodAccessorImpl.invoke0(Native Method)
at sun.reflect.NativeMethodAccessorImpl.invoke(NativeMethodAccessorImpl.java:62)
at sun.reflect.DelegatingMethodAccessorImpl.invoke(DelegatingMethodAccessorImpl.java:43)
at java.lang.reflect.Method.invoke(Method.java:498)
at org.testng.internal.MethodInvocationHelper.invokeMethod(MethodInvocationHelper.java:135)
at org.testng.internal.MethodInvocationHelper.invokeMethodConsideringTimeout(MethodInvocationHelper.java:64)
at org.testng.internal.ConfigInvoker.invokeConfigurationMethod(ConfigInvoker.java:364)
at org.testng.internal.ConfigInvoker.invokeConfigurations(ConfigInvoker.java:318)
at org.testng.internal.TestInvoker.runConfigMethods(TestInvoker.java:700)
at org.testng.internal.TestInvoker.invokeMethod(TestInvoker.java:527)
at org.testng.internal.TestInvoker.invokeTestMethod(TestInvoker.java:174)
at org.testng.internal.MethodRunner.runInSequence(MethodRunner.java:46)
at org.testng.internal.TestInvoker$MethodInvocationAgent.invoke(TestInvoker.java:821)
at org.testng.internal.TestInvoker.invokeTestMethods(TestInvoker.java:147)
at org.testng.internal.TestMethodWorker.invokeTestMethods(TestMethodWorker.java:146)
at org.testng.internal.TestMethodWorker.run(TestMethodWorker.java:128)
at java.util.ArrayList.forEach(ArrayList.java:1257)
at org.testng.TestRunner.privateRun(TestRunner.java:767)
at org.testng.TestRunner.run(TestRunner.java:588)
at org.testng.SuiteRunner.runTest(SuiteRunner.java:384)
at org.testng.SuiteRunner.runSequentially(SuiteRunner.java:378)
at org.testng.SuiteRunner.privateRun(SuiteRunner.java:337)
at org.testng.SuiteRunner.run(SuiteRunner.java:286)
at org.testng.SuiteRunnerWorker.runSuite(SuiteRunnerWorker.java:53)
at org.testng.SuiteRunnerWorker.run(SuiteRunnerWorker.java:96)
at org.testng.TestNG.runSuitesSequentially(TestNG.java:1214)
at org.testng.TestNG.runSuitesLocally(TestNG.java:1136)
at org.testng.TestNG.runSuites(TestNG.java:1066)
at org.testng.TestNG.run(TestNG.java:1034)
at org.testng.remote.AbstractRemoteTestNG.run(AbstractRemoteTestNG.java:115)
at org.testng.remote.RemoteTestNG.initAndRun(RemoteTestNG.java:251)
at org.testng.remote.RemoteTestNG.main(RemoteTestNG.java:77)
]]>
    </failure>
  </testcase> <!-- @BeforeMethod setUpBrowser -->
  <testcase name="@AfterMethod quit" time="-1.599805203829E9" classname="com.dollardays.testcases.BaseTest">
    <skipped/>
  </testcase> <!-- @AfterMethod quit -->
  <testcase name="@BeforeMethod setUpBrowser" time="-1.599805203885E9" classname="com.dollardays.testcases.BaseTest">
    <skipped/>
  </testcase> <!-- @BeforeMethod setUpBrowser -->
  <testcase name="@AfterMethod quit" time="-1.599805203888E9" classname="com.dollardays.testcases.BaseTest">
    <skipped/>
  </testcase> <!-- @AfterMethod quit -->
  <testcase name="@BeforeMethod setUpBrowser" time="-1.599805203931E9" classname="com.dollardays.testcases.BaseTest">
    <skipped/>
  </testcase> <!-- @BeforeMethod setUpBrowser -->
  <testcase name="@AfterMethod quit" time="-1.599805203937E9" classname="com.dollardays.testcases.BaseTest">
    <skipped/>
  </testcase> <!-- @AfterMethod quit -->
  <testcase name="@BeforeMethod setUpBrowser" time="-1.599805203976E9" classname="com.dollardays.testcases.BaseTest">
    <skipped/>
  </testcase> <!-- @BeforeMethod setUpBrowser -->
  <testcase name="@AfterMethod quit" time="-1.599805203983E9" classname="com.dollardays.testcases.BaseTest">
    <skipped/>
  </testcase> <!-- @AfterMethod quit -->
  <testcase name="@BeforeMethod setUpBrowser" time="-1.599805204036E9" classname="com.dollardays.testcases.BaseTest">
    <skipped/>
  </testcase> <!-- @BeforeMethod setUpBrowser -->
  <testcase name="@AfterMethod quit" time="-1.599805204043E9" classname="com.dollardays.testcases.BaseTest">
    <skipped/>
  </testcase> <!-- @AfterMethod quit -->
  <testcase name="@BeforeMethod setUpBrowser" time="-1.599805204121E9" classname="com.dollardays.testcases.BaseTest">
    <skipped/>
  </testcase> <!-- @BeforeMethod setUpBrowser -->
  <testcase name="@AfterMethod quit" time="-1.599805204125E9" classname="com.dollardays.testcases.BaseTest">
    <skipped/>
  </testcase> <!-- @AfterMethod quit -->
  <testcase name="tc_01_SignInPage_ValidUsername_Password" time="0.0" classname="com.dollardays.testcases.LoginTestcase">
    <skipped/>
  </testcase> <!-- tc_01_SignInPage_ValidUsername_Password -->
  <testcase name="tc_02_SignInPageValidUsername_EmptyPassword" time="0.0" classname="com.dollardays.testcases.LoginTestcase">
    <skipped/>
  </testcase> <!-- tc_02_SignInPageValidUsername_EmptyPassword -->
  <testcase name="tc_03_SignInPageEmptyUsername_EmptyPassword" time="0.0" classname="com.dollardays.testcases.LoginTestcase">
    <skipped/>
  </testcase> <!-- tc_03_SignInPageEmptyUsername_EmptyPassword -->
  <testcase name="tc_04_SignInPageInValidEmailAddressFormat" time="0.0" classname="com.dollardays.testcases.LoginTestcase">
    <skipped/>
  </testcase> <!-- tc_04_SignInPageInValidEmailAddressFormat -->
  <testcase name="tc_05_SignInPageValidEmailAddress_InvalidPassword" time="0.0" classname="com.dollardays.testcases.LoginTestcase">
    <skipped/>
  </testcase> <!-- tc_05_SignInPageValidEmailAddress_InvalidPassword -->
  <testcase name="tc_SignInPage_Display_SignIn_Name" time="0.0" classname="com.dollardays.testcases.LoginTestcase">
    <skipped/>
  </testcase> <!-- tc_SignInPage_Display_SignIn_Name -->
</testsuite> <!-- Default test -->
