<?xml version="1.0" encoding="UTF-8"?>
<!-- Generated by org.testng.reporters.JUnitXMLReporter -->
<testsuite hostname="DESKTOP-NP0C5JN" ignored="1" name="Dollar Days Test" tests="15" failures="0" timestamp="2020-10-07T18:00:13 MST" time="578.516" errors="0">
  <testcase name="tc_06_CheckPageTitle" time="0.55" classname="com.dollardays.testcases.Team1HomePageTestcase"/>
  <testcase name="tc_verfiyCartLogo" time="0.066" classname="com.dollardays.testcases.Team1HomePageTestcase"/>
  <testcase name="tc_verfiyDdLogo" time="0.333" classname="com.dollardays.testcases.Team1HomePageTestcase"/>
  <testcase name="tc_verfiySearchBar" time="0.156" classname="com.dollardays.testcases.Team1HomePageTestcase"/>
  <testcase name="tc_verfiySignInList" time="1.36" classname="com.dollardays.testcases.Team1HomePageTestcase"/>
  <testcase name="tc_verfiySignInLogo" time="0.47" classname="com.dollardays.testcases.Team1HomePageTestcase"/>
  <testcase name="tc_verfiyWishList" time="3.241" classname="com.dollardays.testcases.Team1HomePageTestcase"/>
  <testcase name="tc_verfiyWishListLogo" time="11.13" classname="com.dollardays.testcases.Team1HomePageTestcase"/>
  <testcase name="createlogin" time="29.282" classname="com.dollardays.testcases.Team1CreateAccountTestCase"/>
  <testcase name="tc_01_SignInPage_ValidUsername_Password" time="32.166" classname="com.dollardays.testcases.Team1LoginTestcase"/>
  <testcase name="tc_02_SignInPageValidUsername_EmptyPassword" time="25.394" classname="com.dollardays.testcases.Team1LoginTestcase"/>
  <testcase name="tc_03_SignInPageEmptyUsername_EmptyPassword" time="26.46" classname="com.dollardays.testcases.Team1LoginTestcase"/>
  <testcase name="tc_04_SignInPageInValidEmailAddressFormat" time="23.706" classname="com.dollardays.testcases.Team1LoginTestcase"/>
  <testcase name="tc_05_SignInPageValidEmailAddress_InvalidPassword" time="26.792" classname="com.dollardays.testcases.Team1LoginTestcase"/>
  <testcase name="tc_SignInPage_Display_SignIn_Name" time="39.325" classname="com.dollardays.testcases.Team1LoginTestcase"/>
  <testcase name="tc_verfiyFooterLinks" time="0.0" classname="com.dollardays.testcases.Team1HomePageTestcase">
    <ignored/>
  </testcase> <!-- tc_verfiyFooterLinks -->
</testsuite> <!-- Dollar Days Test -->
